[0.020s] Invoking command in '/home/misys/forza_ws/race_stack/global_planner/build/global_planner': /usr/bin/cmake --build /home/misys/forza_ws/race_stack/global_planner/build/global_planner -- -j18 -l18
[0.059s] -- Found ament_cmake: 1.3.12 (/opt/ros/humble/share/ament_cmake/cmake)
[0.213s] -- Found rclcpp: 16.0.15 (/opt/ros/humble/share/rclcpp/cmake)
[0.244s] -- Found rosidl_generator_c: 3.1.7 (/opt/ros/humble/share/rosidl_generator_c/cmake)
[0.246s] -- Found rosidl_adapter: 3.1.7 (/opt/ros/humble/share/rosidl_adapter/cmake)
[0.252s] -- Found rosidl_generator_cpp: 3.1.7 (/opt/ros/humble/share/rosidl_generator_cpp/cmake)
[0.262s] -- Using all available rosidl_typesupport_c: rosidl_typesupport_fastrtps_c;rosidl_typesupport_introspection_c
[0.274s] -- Using all available rosidl_typesupport_cpp: rosidl_typesupport_fastrtps_cpp;rosidl_typesupport_introspection_cpp
[0.308s] -- Found rmw_implementation_cmake: 6.1.2 (/opt/ros/humble/share/rmw_implementation_cmake/cmake)
[0.310s] -- Found rmw_fastrtps_cpp: 6.2.9 (/opt/ros/humble/share/rmw_fastrtps_cpp/cmake)
[0.456s] -- Using RMW implementation 'rmw_fastrtps_cpp' as default
[0.513s] -- Found sensor_msgs: 4.9.0 (/opt/ros/humble/share/sensor_msgs/cmake)
[0.542s] -- Found nav_msgs: 4.9.0 (/opt/ros/humble/share/nav_msgs/cmake)
[0.560s] -- Found rosidl_default_generators: 1.2.0 (/opt/ros/humble/share/rosidl_default_generators/cmake)
[0.939s] -- Found ament_cmake_ros: 0.10.0 (/opt/ros/humble/share/ament_cmake_ros/cmake)
[1.332s] -- Using all available rosidl_typesupport_c: rosidl_typesupport_fastrtps_c;rosidl_typesupport_introspection_c
[1.487s] -- Using all available rosidl_typesupport_cpp: rosidl_typesupport_fastrtps_cpp;rosidl_typesupport_introspection_cpp
[1.522s] -- Found python_cmake_module: 0.10.0 (/opt/ros/humble/share/python_cmake_module/cmake)
[1.553s] -- Using PYTHON_EXECUTABLE: /usr/bin/python3
[1.553s] -- Using PYTHON_INCLUDE_DIRS: /usr/include/python3.10
[1.553s] -- Using PYTHON_LIBRARIES: /usr/lib/x86_64-linux-gnu/libpython3.10.so
[1.578s] -- Configuring done
[1.633s] -- Generating done
[1.655s] -- Build files have been written to: /home/misys/forza_ws/race_stack/global_planner/build/global_planner
[1.695s] [35m[1mConsolidate compiler generated dependencies of target global_planner__rosidl_generator_c[0m
[1.710s] [  3%] [32mBuilding CXX object CMakeFiles/utils_lib.dir/src/utils.cpp.o[0m
[1.710s] [  3%] Built target global_planner__cpp
[1.711s] [ 11%] Built target global_planner__rosidl_generator_c
[1.723s] [ 11%] Built target ament_cmake_python_copy_global_planner
[1.724s] In file included from [01m[K/home/misys/forza_ws/race_stack/global_planner/src/utils.cpp:3[m[K:
[1.724s] [01m[K/home/misys/forza_ws/race_stack/global_planner/include/utils.hpp:6:10:[m[K [01;31m[Kfatal error: [m[Kglobal_planner/msg/Wpnt.hpp: No such file or directory
[1.724s]     6 | #include [01;31m[K"global_planner/msg/Wpnt.hpp"[m[K
[1.724s]       |          [01;31m[K^~~~~~~~~~~~~~~~~~~~~~~~~~~~~[m[K
[1.724s] compilation terminated.
[1.724s] [35m[1mConsolidate compiler generated dependencies of target global_planner__rosidl_typesupport_c[0m
[1.724s] [35m[1mConsolidate compiler generated dependencies of target global_planner__rosidl_typesupport_cpp[0m
[1.724s] [35m[1mConsolidate compiler generated dependencies of target global_planner__rosidl_typesupport_introspection_c[0m
[1.725s] gmake[2]: *** [CMakeFiles/utils_lib.dir/build.make:76: CMakeFiles/utils_lib.dir/src/utils.cpp.o] Error 1
[1.725s] gmake[1]: *** [CMakeFiles/Makefile2:742: CMakeFiles/utils_lib.dir/all] Error 2
[1.725s] gmake[1]: *** Waiting for unfinished jobs....
[1.725s] [35m[1mConsolidate compiler generated dependencies of target global_planner__rosidl_typesupport_fastrtps_cpp[0m
[1.726s] [35m[1mConsolidate compiler generated dependencies of target global_planner__rosidl_typesupport_fastrtps_c[0m
[1.726s] [35m[1mConsolidate compiler generated dependencies of target global_planner__rosidl_typesupport_introspection_cpp[0m
[1.737s] [ 20%] Built target global_planner__rosidl_typesupport_c
[1.737s] [ 28%] Built target global_planner__rosidl_typesupport_introspection_c
[1.742s] [ 37%] Built target global_planner__rosidl_typesupport_fastrtps_cpp
[1.742s] [ 45%] Built target global_planner__rosidl_typesupport_fastrtps_c
[1.742s] [ 54%] Built target global_planner__rosidl_typesupport_cpp
[1.745s] [ 62%] Built target global_planner__rosidl_typesupport_introspection_cpp
[1.992s] running egg_info
[1.993s] writing global_planner.egg-info/PKG-INFO
[1.993s] writing dependency_links to global_planner.egg-info/dependency_links.txt
[1.993s] writing top-level names to global_planner.egg-info/top_level.txt
[1.995s] reading manifest file 'global_planner.egg-info/SOURCES.txt'
[1.996s] writing manifest file 'global_planner.egg-info/SOURCES.txt'
[2.029s] [ 62%] Built target ament_cmake_python_build_global_planner_egg
[2.030s] gmake: *** [Makefile:146: all] Error 2
[2.034s] Invoked command in '/home/misys/forza_ws/race_stack/global_planner/build/global_planner' returned '2': /usr/bin/cmake --build /home/misys/forza_ws/race_stack/global_planner/build/global_planner -- -j18 -l18
