[0.012s] Invoking command in '/home/misys/forza_ws/race_stack/global_planner/build/global_planner': /usr/bin/cmake /home/misys/forza_ws/race_stack/global_planner -DCATKIN_INSTALL_INTO_PREFIX_ROOT=0 -DCMAKE_INSTALL_PREFIX=/home/misys/forza_ws/race_stack/global_planner/install/global_planner
[0.032s] -- Found ament_cmake: 1.3.12 (/opt/ros/humble/share/ament_cmake/cmake)
[0.192s] -- Found rclcpp: 16.0.15 (/opt/ros/humble/share/rclcpp/cmake)
[0.224s] -- Found rosidl_generator_c: 3.1.7 (/opt/ros/humble/share/rosidl_generator_c/cmake)
[0.226s] -- Found rosidl_adapter: 3.1.7 (/opt/ros/humble/share/rosidl_adapter/cmake)
[0.232s] -- Found rosidl_generator_cpp: 3.1.7 (/opt/ros/humble/share/rosidl_generator_cpp/cmake)
[0.242s] -- Using all available rosidl_typesupport_c: rosidl_typesupport_fastrtps_c;rosidl_typesupport_introspection_c
[0.255s] -- Using all available rosidl_typesupport_cpp: rosidl_typesupport_fastrtps_cpp;rosidl_typesupport_introspection_cpp
[0.288s] -- Found rmw_implementation_cmake: 6.1.2 (/opt/ros/humble/share/rmw_implementation_cmake/cmake)
[0.290s] -- Found rmw_fastrtps_cpp: 6.2.9 (/opt/ros/humble/share/rmw_fastrtps_cpp/cmake)
[0.431s] -- Using RMW implementation 'rmw_fastrtps_cpp' as default
[0.484s] -- Found sensor_msgs: 4.9.0 (/opt/ros/humble/share/sensor_msgs/cmake)
[0.516s] -- Found nav_msgs: 4.9.0 (/opt/ros/humble/share/nav_msgs/cmake)
[0.533s] -- Found rosidl_default_generators: 1.2.0 (/opt/ros/humble/share/rosidl_default_generators/cmake)
[0.876s] -- Found ament_cmake_ros: 0.10.0 (/opt/ros/humble/share/ament_cmake_ros/cmake)
[1.290s] -- Using all available rosidl_typesupport_c: rosidl_typesupport_fastrtps_c;rosidl_typesupport_introspection_c
[1.453s] -- Using all available rosidl_typesupport_cpp: rosidl_typesupport_fastrtps_cpp;rosidl_typesupport_introspection_cpp
[1.482s] -- Found python_cmake_module: 0.10.0 (/opt/ros/humble/share/python_cmake_module/cmake)
[1.520s] -- Using PYTHON_EXECUTABLE: /usr/bin/python3
[1.520s] -- Using PYTHON_INCLUDE_DIRS: /usr/include/python3.10
[1.520s] -- Using PYTHON_LIBRARIES: /usr/lib/x86_64-linux-gnu/libpython3.10.so
[1.550s] -- Configuring done
[1.606s] -- Generating done
[1.627s] -- Build files have been written to: /home/misys/forza_ws/race_stack/global_planner/build/global_planner
[1.639s] Invoked command in '/home/misys/forza_ws/race_stack/global_planner/build/global_planner' returned '0': /usr/bin/cmake /home/misys/forza_ws/race_stack/global_planner -DCATKIN_INSTALL_INTO_PREFIX_ROOT=0 -DCMAKE_INSTALL_PREFIX=/home/misys/forza_ws/race_stack/global_planner/install/global_planner
[1.641s] Invoking command in '/home/misys/forza_ws/race_stack/global_planner/build/global_planner': /usr/bin/cmake --build /home/misys/forza_ws/race_stack/global_planner/build/global_planner -- -j18 -l18
[1.701s] [  1%] [34m[1mGenerating C code for ROS interfaces[0m
[1.715s] [  5%] [34m[1mGenerating C++ code for ROS interfaces[0m
[1.715s] [  5%] [32mBuilding CXX object CMakeFiles/utils_lib.dir/src/utils.cpp.o[0m
[1.728s] [  5%] Built target ament_cmake_python_copy_global_planner
[1.740s] In file included from [01m[K/home/misys/forza_ws/race_stack/global_planner/src/utils.cpp:3[m[K:
[1.741s] [01m[K/home/misys/forza_ws/race_stack/global_planner/include/utils.hpp:6:10:[m[K [01;31m[Kfatal error: [m[Kglobal_planner/msg/wpnt.hpp: No such file or directory
[1.741s]     6 | #include [01;31m[K"global_planner/msg/wpnt.hpp"[m[K
[1.741s]       |          [01;31m[K^~~~~~~~~~~~~~~~~~~~~~~~~~~~~[m[K
[1.741s] compilation terminated.
[1.742s] gmake[2]: *** [CMakeFiles/utils_lib.dir/build.make:76: CMakeFiles/utils_lib.dir/src/utils.cpp.o] Error 1
[1.742s] gmake[1]: *** [CMakeFiles/Makefile2:602: CMakeFiles/utils_lib.dir/all] Error 2
[1.743s] gmake[1]: *** Waiting for unfinished jobs....
[2.012s] running egg_info
[2.013s] creating global_planner.egg-info
[2.014s] writing global_planner.egg-info/PKG-INFO
[2.014s] writing dependency_links to global_planner.egg-info/dependency_links.txt
[2.014s] writing top-level names to global_planner.egg-info/top_level.txt
[2.014s] writing manifest file 'global_planner.egg-info/SOURCES.txt'
[2.018s] reading manifest file 'global_planner.egg-info/SOURCES.txt'
[2.019s] writing manifest file 'global_planner.egg-info/SOURCES.txt'
[2.055s] [  5%] Built target ament_cmake_python_build_global_planner_egg
[2.122s] [  5%] Built target global_planner__cpp
[2.146s] [  6%] [32mBuilding C object CMakeFiles/global_planner__rosidl_generator_c.dir/rosidl_generator_c/global_planner/msg/detail/wpnt__functions.c.o[0m
[2.146s] [  8%] [32mBuilding C object CMakeFiles/global_planner__rosidl_generator_c.dir/rosidl_generator_c/global_planner/msg/detail/wpnt_array__functions.c.o[0m
[2.146s] [ 10%] [32mBuilding C object CMakeFiles/global_planner__rosidl_generator_c.dir/rosidl_generator_c/global_planner/msg/detail/metadata__functions.c.o[0m
[2.210s] [ 11%] [32m[1mLinking C shared library libglobal_planner__rosidl_generator_c.so[0m
[2.263s] [ 11%] Built target global_planner__rosidl_generator_c
[2.265s] gmake: *** [Makefile:146: all] Error 2
[2.269s] Invoked command in '/home/misys/forza_ws/race_stack/global_planner/build/global_planner' returned '2': /usr/bin/cmake --build /home/misys/forza_ws/race_stack/global_planner/build/global_planner -- -j18 -l18
