[  1%] Built target global_planner__cpp
[  3%] [32mBuilding CXX object CMakeFiles/utils_lib.dir/src/utils.cpp.o[0m
[ 11%] Built target global_planner__rosidl_generator_c
In file included from [01m[K/home/misys/forza_ws/race_stack/global_planner/src/utils.cpp:3[m[K:
[01m[K/home/misys/forza_ws/race_stack/global_planner/include/utils.hpp:6:10:[m[K [01;31m[Kfatal error: [m[Kglobal_planner/msg/Wpnt.hpp: No such file or directory
    6 | #include [01;31m[K"global_planner/msg/Wpnt.hpp"[m[K
      |          [01;31m[K^~~~~~~~~~~~~~~~~~~~~~~~~~~~~[m[K
compilation terminated.
gmake[2]: *** [CMakeFiles/utils_lib.dir/build.make:76: CMakeFiles/utils_lib.dir/src/utils.cpp.o] Error 1
gmake[1]: *** [CMakeFiles/Makefile2:602: CMakeFiles/utils_lib.dir/all] Error 2
gmake[1]: *** Waiting for unfinished jobs....
[35m[1mConsolidate compiler generated dependencies of target global_planner__rosidl_typesupport_introspection_c[0m
[ 11%] Built target ament_cmake_python_copy_global_planner
[35m[1mConsolidate compiler generated dependencies of target global_planner__rosidl_typesupport_introspection_cpp[0m
[35m[1mConsolidate compiler generated dependencies of target global_planner__rosidl_typesupport_cpp[0m
[35m[1mConsolidate compiler generated dependencies of target global_planner__rosidl_typesupport_c[0m
[35m[1mConsolidate compiler generated dependencies of target global_planner__rosidl_typesupport_fastrtps_cpp[0m
[35m[1mConsolidate compiler generated dependencies of target global_planner__rosidl_typesupport_fastrtps_c[0m
[ 32%] Built target global_planner__rosidl_typesupport_introspection_c
[ 32%] Built target global_planner__rosidl_typesupport_cpp
[ 37%] Built target global_planner__rosidl_typesupport_introspection_cpp
[ 45%] Built target global_planner__rosidl_typesupport_c
[ 54%] Built target global_planner__rosidl_typesupport_fastrtps_cpp
[ 62%] Built target global_planner__rosidl_typesupport_fastrtps_c
gmake: *** [Makefile:146: all] Error 2
