[0.014s] Invoking command in '/home/misys/forza_ws/race_stack/global_planner/build/global_planner': /usr/bin/cmake --build /home/misys/forza_ws/race_stack/global_planner/build/global_planner -- -j18 -l18
[0.091s] [  1%] Built target global_planner__cpp
[0.092s] [  3%] [32mBuilding CXX object CMakeFiles/utils_lib.dir/src/utils.cpp.o[0m
[0.092s] [ 11%] Built target global_planner__rosidl_generator_c
[0.101s] In file included from [01m[K/home/misys/forza_ws/race_stack/global_planner/src/utils.cpp:3[m[K:
[0.102s] [01m[K/home/misys/forza_ws/race_stack/global_planner/include/utils.hpp:6:10:[m[K [01;31m[Kfatal error: [m[Kglobal_planner/msg/Wpnt.hpp: No such file or directory
[0.102s]     6 | #include [01;31m[K"global_planner/msg/Wpnt.hpp"[m[K
[0.102s]       |          [01;31m[K^~~~~~~~~~~~~~~~~~~~~~~~~~~~~[m[K
[0.102s] compilation terminated.
[0.103s] gmake[2]: *** [CMakeFiles/utils_lib.dir/build.make:76: CMakeFiles/utils_lib.dir/src/utils.cpp.o] Error 1
[0.103s] gmake[1]: *** [CMakeFiles/Makefile2:602: CMakeFiles/utils_lib.dir/all] Error 2
[0.103s] gmake[1]: *** Waiting for unfinished jobs....
[0.103s] [35m[1mConsolidate compiler generated dependencies of target global_planner__rosidl_typesupport_introspection_c[0m
[0.103s] [ 11%] Built target ament_cmake_python_copy_global_planner
[0.104s] [35m[1mConsolidate compiler generated dependencies of target global_planner__rosidl_typesupport_introspection_cpp[0m
[0.104s] [35m[1mConsolidate compiler generated dependencies of target global_planner__rosidl_typesupport_cpp[0m
[0.105s] [35m[1mConsolidate compiler generated dependencies of target global_planner__rosidl_typesupport_c[0m
[0.106s] [35m[1mConsolidate compiler generated dependencies of target global_planner__rosidl_typesupport_fastrtps_cpp[0m
[0.106s] [35m[1mConsolidate compiler generated dependencies of target global_planner__rosidl_typesupport_fastrtps_c[0m
[0.122s] [ 32%] Built target global_planner__rosidl_typesupport_introspection_c
[0.122s] [ 32%] Built target global_planner__rosidl_typesupport_cpp
[0.122s] [ 37%] Built target global_planner__rosidl_typesupport_introspection_cpp
[0.123s] [ 45%] Built target global_planner__rosidl_typesupport_c
[0.124s] [ 54%] Built target global_planner__rosidl_typesupport_fastrtps_cpp
[0.125s] [ 62%] Built target global_planner__rosidl_typesupport_fastrtps_c
[0.127s] gmake: *** [Makefile:146: all] Error 2
[0.130s] Invoked command in '/home/misys/forza_ws/race_stack/global_planner/build/global_planner' returned '2': /usr/bin/cmake --build /home/misys/forza_ws/race_stack/global_planner/build/global_planner -- -j18 -l18
