[0.000000] (-) TimerEvent: {}
[0.000454] (global_planner) JobQueued: {'identifier': 'global_planner', 'dependencies': OrderedDict()}
[0.000787] (global_planner) JobStarted: {'identifier': 'global_planner'}
[0.013752] (global_planner) JobProgress: {'identifier': 'global_planner', 'progress': 'cmake'}
[0.014869] (global_planner) JobProgress: {'identifier': 'global_planner', 'progress': 'build'}
[0.016066] (global_planner) Command: {'cmd': ['/usr/bin/cmake', '--build', '/home/misys/forza_ws/race_stack/global_planner/build/global_planner', '--', '-j18', '-l18'], 'cwd': '/home/misys/forza_ws/race_stack/global_planner/build/global_planner', 'env': OrderedDict([('LIBRARY_PATH', '/usr/local/cuda/lib64/stubs'), ('NV_LIBCUBLAS_VERSION', '12.4.5.8-1'), ('NV_NVPROF_DEV_PACKAGE', 'cuda-nvprof-12-4=12.4.127-1'), ('NV_CUDA_COMPAT_PACKAGE', 'cuda-compat-12-4'), ('NV_CUDA_NSIGHT_COMPUTE_VERSION', '12.4.1-1'), ('HOSTNAME', 'eunjichoi'), ('SHLVL', '1'), ('LD_LIBRARY_PATH', '/opt/ros/humble/opt/rviz_ogre_vendor/lib:/opt/ros/humble/lib/x86_64-linux-gnu:/opt/ros/humble/lib:/usr/local/nvidia/lib:/usr/local/nvidia/lib64'), ('NV_LIBNCCL_PACKAGE_VERSION', '2.21.5-1'), ('HOME', '/home/misys'), ('OLDPWD', '/home/misys/forza_ws/race_stack/global_planner/include'), ('NV_LIBCUBLAS_DEV_VERSION', '12.4.5.8-1'), ('ROS_PYTHON_VERSION', '3'), ('LC_CTYPE', 'C.UTF-8'), ('NV_LIBNCCL_DEV_PACKAGE_VERSION', '2.21.5-1'), ('NV_LIBNPP_PACKAGE', 'libnpp-12-4=12.2.5.30-1'), ('CUDA_VERSION', '12.4.1'), ('COLCON_PREFIX_PATH', '/home/misys/forza_ws/race_stack/install'), ('NV_NVPROF_VERSION', '12.4.127-1'), ('ROS_DISTRO', 'humble'), ('NV_LIBCUBLAS_PACKAGE_NAME', 'libcublas-12-4'), ('NVIDIA_REQUIRE_CUDA', 'cuda>=12.4 brand=tesla,driver>=470,driver<471 brand=unknown,driver>=470,driver<471 brand=nvidia,driver>=470,driver<471 brand=nvidiartx,driver>=470,driver<471 brand=geforce,driver>=470,driver<471 brand=geforcertx,driver>=470,driver<471 brand=quadro,driver>=470,driver<471 brand=quadrortx,driver>=470,driver<471 brand=titan,driver>=470,driver<471 brand=titanrtx,driver>=470,driver<471 brand=tesla,driver>=525,driver<526 brand=unknown,driver>=525,driver<526 brand=nvidia,driver>=525,driver<526 brand=nvidiartx,driver>=525,driver<526 brand=geforce,driver>=525,driver<526 brand=geforcertx,driver>=525,driver<526 brand=quadro,driver>=525,driver<526 brand=quadrortx,driver>=525,driver<526 brand=titan,driver>=525,driver<526 brand=titanrtx,driver>=525,driver<526 brand=tesla,driver>=535,driver<536 brand=unknown,driver>=535,driver<536 brand=nvidia,driver>=535,driver<536 brand=nvidiartx,driver>=535,driver<536 brand=geforce,driver>=535,driver<536 brand=geforcertx,driver>=535,driver<536 brand=quadro,driver>=535,driver<536 brand=quadrortx,driver>=535,driver<536 brand=titan,driver>=535,driver<536 brand=titanrtx,driver>=535,driver<536'), ('_', '/usr/bin/colcon'), ('ROS_VERSION', '2'), ('NV_LIBCUSPARSE_VERSION', '12.3.1.170-1'), ('NVIDIA_DRIVER_CAPABILITIES', 'compute,utility'), ('NV_CUDA_LIB_VERSION', '12.4.1-1'), ('NV_LIBNCCL_PACKAGE_NAME', 'libnccl2'), ('NV_NVML_DEV_VERSION', '12.4.127-1'), ('NV_LIBNPP_DEV_PACKAGE', 'libnpp-dev-12-4=12.2.5.30-1'), ('TERM', 'xterm'), ('NV_CUDA_CUDART_VERSION', '12.4.127-1'), ('ROS_LOCALHOST_ONLY', '0'), ('PATH', '/opt/ros/humble/bin:/usr/local/nvidia/bin:/usr/local/cuda/bin:/usr/local/sbin:/usr/local/bin:/usr/sbin:/usr/bin:/sbin:/bin:/home/misys/.local/bin'), ('NV_LIBCUBLAS_DEV_PACKAGE_NAME', 'libcublas-dev-12-4'), ('NV_LIBCUBLAS_PACKAGE', 'libcublas-12-4=12.4.5.8-1'), ('NVARCH', 'x86_64'), ('NV_LIBNCCL_DEV_PACKAGE_NAME', 'libnccl-dev'), ('NV_LIBCUSPARSE_DEV_VERSION', '12.3.1.170-1'), ('DISPLAY', ':0'), ('NV_LIBNCCL_PACKAGE', 'libnccl2=2.21.5-1+cuda12.4'), ('NVIDIA_PRODUCT_NAME', 'CUDA'), ('NV_CUDA_CUDART_DEV_VERSION', '12.4.127-1'), ('XAUTHORITY', '/run/user/1000/.mutter-Xwaylandauth.4H2TG3'), ('LS_COLORS', 'rs=0:di=01;34:ln=01;36:mh=00:pi=40;33:so=01;35:do=01;35:bd=40;33;01:cd=40;33;01:or=40;31;01:mi=00:su=37;41:sg=30;43:ca=30;41:tw=30;42:ow=34;42:st=37;44:ex=01;32:*.tar=01;31:*.tgz=01;31:*.arc=01;31:*.arj=01;31:*.taz=01;31:*.lha=01;31:*.lz4=01;31:*.lzh=01;31:*.lzma=01;31:*.tlz=01;31:*.txz=01;31:*.tzo=01;31:*.t7z=01;31:*.zip=01;31:*.z=01;31:*.dz=01;31:*.gz=01;31:*.lrz=01;31:*.lz=01;31:*.lzo=01;31:*.xz=01;31:*.zst=01;31:*.tzst=01;31:*.bz2=01;31:*.bz=01;31:*.tbz=01;31:*.tbz2=01;31:*.tz=01;31:*.deb=01;31:*.rpm=01;31:*.jar=01;31:*.war=01;31:*.ear=01;31:*.sar=01;31:*.rar=01;31:*.alz=01;31:*.ace=01;31:*.zoo=01;31:*.cpio=01;31:*.7z=01;31:*.rz=01;31:*.cab=01;31:*.wim=01;31:*.swm=01;31:*.dwm=01;31:*.esd=01;31:*.jpg=01;35:*.jpeg=01;35:*.mjpg=01;35:*.mjpeg=01;35:*.gif=01;35:*.bmp=01;35:*.pbm=01;35:*.pgm=01;35:*.ppm=01;35:*.tga=01;35:*.xbm=01;35:*.xpm=01;35:*.tif=01;35:*.tiff=01;35:*.png=01;35:*.svg=01;35:*.svgz=01;35:*.mng=01;35:*.pcx=01;35:*.mov=01;35:*.mpg=01;35:*.mpeg=01;35:*.m2v=01;35:*.mkv=01;35:*.webm=01;35:*.webp=01;35:*.ogm=01;35:*.mp4=01;35:*.m4v=01;35:*.mp4v=01;35:*.vob=01;35:*.qt=01;35:*.nuv=01;35:*.wmv=01;35:*.asf=01;35:*.rm=01;35:*.rmvb=01;35:*.flc=01;35:*.avi=01;35:*.fli=01;35:*.flv=01;35:*.gl=01;35:*.dl=01;35:*.xcf=01;35:*.xwd=01;35:*.yuv=01;35:*.cgm=01;35:*.emf=01;35:*.ogv=01;35:*.ogx=01;35:*.aac=00;36:*.au=00;36:*.flac=00;36:*.m4a=00;36:*.mid=00;36:*.midi=00;36:*.mka=00;36:*.mp3=00;36:*.mpc=00;36:*.ogg=00;36:*.ra=00;36:*.wav=00;36:*.oga=00;36:*.opus=00;36:*.spx=00;36:*.xspf=00;36:'), ('AMENT_PREFIX_PATH', '/opt/ros/humble'), ('NV_LIBCUBLAS_DEV_PACKAGE', 'libcublas-dev-12-4=12.4.5.8-1'), ('NV_CUDA_NSIGHT_COMPUTE_DEV_PACKAGE', 'cuda-nsight-compute-12-4=12.4.1-1'), ('SDL_VIDEODRIVER', 'x11'), ('NV_LIBNCCL_DEV_PACKAGE', 'libnccl-dev=2.21.5-1+cuda12.4'), ('NV_NVTX_VERSION', '12.4.127-1'), ('NV_LIBNPP_VERSION', '12.2.5.30-1'), ('SDL_JOYSTICK_DEVICE', '/dev/input/js0'), ('PWD', '/home/misys/forza_ws/race_stack/global_planner/build/global_planner'), ('PYTHONPATH', '/opt/ros/humble/lib/python3.10/site-packages:/opt/ros/humble/local/lib/python3.10/dist-packages'), ('NVIDIA_VISIBLE_DEVICES', 'all'), ('NCCL_VERSION', '2.21.5-1'), ('COLCON', '1'), ('NV_LIBNPP_DEV_VERSION', '12.2.5.30-1')]), 'shell': False}
[0.059515] (global_planner) StdoutLine: {'line': b'-- Found ament_cmake: 1.3.12 (/opt/ros/humble/share/ament_cmake/cmake)\n'}
[0.099539] (-) TimerEvent: {}
[0.200053] (-) TimerEvent: {}
[0.213446] (global_planner) StdoutLine: {'line': b'-- Found rclcpp: 16.0.15 (/opt/ros/humble/share/rclcpp/cmake)\n'}
[0.244947] (global_planner) StdoutLine: {'line': b'-- Found rosidl_generator_c: 3.1.7 (/opt/ros/humble/share/rosidl_generator_c/cmake)\n'}
[0.247386] (global_planner) StdoutLine: {'line': b'-- Found rosidl_adapter: 3.1.7 (/opt/ros/humble/share/rosidl_adapter/cmake)\n'}
[0.253408] (global_planner) StdoutLine: {'line': b'-- Found rosidl_generator_cpp: 3.1.7 (/opt/ros/humble/share/rosidl_generator_cpp/cmake)\n'}
[0.262849] (global_planner) StdoutLine: {'line': b'-- Using all available rosidl_typesupport_c: rosidl_typesupport_fastrtps_c;rosidl_typesupport_introspection_c\n'}
[0.275399] (global_planner) StdoutLine: {'line': b'-- Using all available rosidl_typesupport_cpp: rosidl_typesupport_fastrtps_cpp;rosidl_typesupport_introspection_cpp\n'}
[0.300150] (-) TimerEvent: {}
[0.309317] (global_planner) StdoutLine: {'line': b'-- Found rmw_implementation_cmake: 6.1.2 (/opt/ros/humble/share/rmw_implementation_cmake/cmake)\n'}
[0.310565] (global_planner) StdoutLine: {'line': b'-- Found rmw_fastrtps_cpp: 6.2.9 (/opt/ros/humble/share/rmw_fastrtps_cpp/cmake)\n'}
[0.400352] (-) TimerEvent: {}
[0.456781] (global_planner) StdoutLine: {'line': b"-- Using RMW implementation 'rmw_fastrtps_cpp' as default\n"}
[0.500486] (-) TimerEvent: {}
[0.513838] (global_planner) StdoutLine: {'line': b'-- Found sensor_msgs: 4.9.0 (/opt/ros/humble/share/sensor_msgs/cmake)\n'}
[0.543305] (global_planner) StdoutLine: {'line': b'-- Found nav_msgs: 4.9.0 (/opt/ros/humble/share/nav_msgs/cmake)\n'}
[0.560501] (global_planner) StdoutLine: {'line': b'-- Found rosidl_default_generators: 1.2.0 (/opt/ros/humble/share/rosidl_default_generators/cmake)\n'}
[0.600622] (-) TimerEvent: {}
[0.701082] (-) TimerEvent: {}
[0.801583] (-) TimerEvent: {}
[0.902243] (-) TimerEvent: {}
[0.939790] (global_planner) StdoutLine: {'line': b'-- Found ament_cmake_ros: 0.10.0 (/opt/ros/humble/share/ament_cmake_ros/cmake)\n'}
[1.002400] (-) TimerEvent: {}
[1.102850] (-) TimerEvent: {}
[1.203368] (-) TimerEvent: {}
[1.303810] (-) TimerEvent: {}
[1.333090] (global_planner) StdoutLine: {'line': b'-- Using all available rosidl_typesupport_c: rosidl_typesupport_fastrtps_c;rosidl_typesupport_introspection_c\n'}
[1.403976] (-) TimerEvent: {}
[1.487202] (global_planner) StdoutLine: {'line': b'-- Using all available rosidl_typesupport_cpp: rosidl_typesupport_fastrtps_cpp;rosidl_typesupport_introspection_cpp\n'}
[1.504120] (-) TimerEvent: {}
[1.523202] (global_planner) StdoutLine: {'line': b'-- Found python_cmake_module: 0.10.0 (/opt/ros/humble/share/python_cmake_module/cmake)\n'}
[1.553656] (global_planner) StdoutLine: {'line': b'-- Using PYTHON_EXECUTABLE: /usr/bin/python3\n'}
[1.553992] (global_planner) StdoutLine: {'line': b'-- Using PYTHON_INCLUDE_DIRS: /usr/include/python3.10\n'}
[1.554094] (global_planner) StdoutLine: {'line': b'-- Using PYTHON_LIBRARIES: /usr/lib/x86_64-linux-gnu/libpython3.10.so\n'}
[1.578528] (global_planner) StdoutLine: {'line': b'-- Configuring done\n'}
[1.604251] (-) TimerEvent: {}
[1.634234] (global_planner) StdoutLine: {'line': b'-- Generating done\n'}
[1.655514] (global_planner) StdoutLine: {'line': b'-- Build files have been written to: /home/misys/forza_ws/race_stack/global_planner/build/global_planner\n'}
[1.696183] (global_planner) StdoutLine: {'line': b'\x1b[35m\x1b[1mConsolidate compiler generated dependencies of target global_planner__rosidl_generator_c\x1b[0m\n'}
[1.704387] (-) TimerEvent: {}
[1.710984] (global_planner) StdoutLine: {'line': b'[  3%] \x1b[32mBuilding CXX object CMakeFiles/utils_lib.dir/src/utils.cpp.o\x1b[0m\n'}
[1.711314] (global_planner) StdoutLine: {'line': b'[  3%] Built target global_planner__cpp\n'}
[1.712352] (global_planner) StdoutLine: {'line': b'[ 11%] Built target global_planner__rosidl_generator_c\n'}
[1.723741] (global_planner) StdoutLine: {'line': b'[ 11%] Built target ament_cmake_python_copy_global_planner\n'}
[1.724552] (global_planner) StderrLine: {'line': b'In file included from \x1b[01m\x1b[K/home/misys/forza_ws/race_stack/global_planner/src/utils.cpp:3\x1b[m\x1b[K:\n'}
[1.724798] (global_planner) StderrLine: {'line': b'\x1b[01m\x1b[K/home/misys/forza_ws/race_stack/global_planner/include/utils.hpp:6:10:\x1b[m\x1b[K \x1b[01;31m\x1b[Kfatal error: \x1b[m\x1b[Kglobal_planner/msg/Wpnt.hpp: No such file or directory\n'}
[1.724907] (global_planner) StderrLine: {'line': b'    6 | #include \x1b[01;31m\x1b[K"global_planner/msg/Wpnt.hpp"\x1b[m\x1b[K\n'}
[1.724998] (global_planner) StderrLine: {'line': b'      |          \x1b[01;31m\x1b[K^~~~~~~~~~~~~~~~~~~~~~~~~~~~~\x1b[m\x1b[K\n'}
[1.725083] (global_planner) StderrLine: {'line': b'compilation terminated.\n'}
[1.725255] (global_planner) StdoutLine: {'line': b'\x1b[35m\x1b[1mConsolidate compiler generated dependencies of target global_planner__rosidl_typesupport_c\x1b[0m\n'}
[1.725370] (global_planner) StdoutLine: {'line': b'\x1b[35m\x1b[1mConsolidate compiler generated dependencies of target global_planner__rosidl_typesupport_cpp\x1b[0m\n'}
[1.725460] (global_planner) StdoutLine: {'line': b'\x1b[35m\x1b[1mConsolidate compiler generated dependencies of target global_planner__rosidl_typesupport_introspection_c\x1b[0m\n'}
[1.725884] (global_planner) StderrLine: {'line': b'gmake[2]: *** [CMakeFiles/utils_lib.dir/build.make:76: CMakeFiles/utils_lib.dir/src/utils.cpp.o] Error 1\n'}
[1.726153] (global_planner) StderrLine: {'line': b'gmake[1]: *** [CMakeFiles/Makefile2:742: CMakeFiles/utils_lib.dir/all] Error 2\n'}
[1.726376] (global_planner) StderrLine: {'line': b'gmake[1]: *** Waiting for unfinished jobs....\n'}
[1.726473] (global_planner) StdoutLine: {'line': b'\x1b[35m\x1b[1mConsolidate compiler generated dependencies of target global_planner__rosidl_typesupport_fastrtps_cpp\x1b[0m\n'}
[1.726945] (global_planner) StdoutLine: {'line': b'\x1b[35m\x1b[1mConsolidate compiler generated dependencies of target global_planner__rosidl_typesupport_fastrtps_c\x1b[0m\n'}
[1.727087] (global_planner) StdoutLine: {'line': b'\x1b[35m\x1b[1mConsolidate compiler generated dependencies of target global_planner__rosidl_typesupport_introspection_cpp\x1b[0m\n'}
[1.737488] (global_planner) StdoutLine: {'line': b'[ 20%] Built target global_planner__rosidl_typesupport_c\n'}
[1.737944] (global_planner) StdoutLine: {'line': b'[ 28%] Built target global_planner__rosidl_typesupport_introspection_c\n'}
[1.742580] (global_planner) StdoutLine: {'line': b'[ 37%] Built target global_planner__rosidl_typesupport_fastrtps_cpp\n'}
[1.742981] (global_planner) StdoutLine: {'line': b'[ 45%] Built target global_planner__rosidl_typesupport_fastrtps_c\n'}
[1.743198] (global_planner) StdoutLine: {'line': b'[ 54%] Built target global_planner__rosidl_typesupport_cpp\n'}
[1.746281] (global_planner) StdoutLine: {'line': b'[ 62%] Built target global_planner__rosidl_typesupport_introspection_cpp\n'}
[1.804537] (-) TimerEvent: {}
[1.904974] (-) TimerEvent: {}
[1.993274] (global_planner) StdoutLine: {'line': b'running egg_info\n'}
[1.993790] (global_planner) StdoutLine: {'line': b'writing global_planner.egg-info/PKG-INFO\n'}
[1.993950] (global_planner) StdoutLine: {'line': b'writing dependency_links to global_planner.egg-info/dependency_links.txt\n'}
[1.994073] (global_planner) StdoutLine: {'line': b'writing top-level names to global_planner.egg-info/top_level.txt\n'}
[1.996266] (global_planner) StdoutLine: {'line': b"reading manifest file 'global_planner.egg-info/SOURCES.txt'\n"}
[1.996792] (global_planner) StdoutLine: {'line': b"writing manifest file 'global_planner.egg-info/SOURCES.txt'\n"}
[2.005130] (-) TimerEvent: {}
[2.029790] (global_planner) StdoutLine: {'line': b'[ 62%] Built target ament_cmake_python_build_global_planner_egg\n'}
[2.031026] (global_planner) StderrLine: {'line': b'gmake: *** [Makefile:146: all] Error 2\n'}
[2.034596] (global_planner) CommandEnded: {'returncode': 2}
[2.059279] (global_planner) JobEnded: {'identifier': 'global_planner', 'rc': 2}
[2.060754] (-) EventReactorShutdown: {}
